<?xml version="1.0" encoding="UTF-8"?>
<!-- Generated by org.testng.reporters.JUnitReportReporter -->
<testsuite hostname="DESKTOP-FN61C02" name="main.com.base.TestBase" tests="1" failures="0" timestamp="20 Nov 2018 06:25:48 GMT" time="0.010" errors="0">
  <testcase name="f" time="0.010" classname="main.com.base.TestBase"/>
</testsuite> <!-- main.com.base.TestBase -->
