<?xml version="1.0" encoding="UTF-8"?>
<!-- Generated by org.testng.reporters.JUnitReportReporter -->
<testsuite hostname="DESKTOP-FN61C02" name="main.com.tests.testUserDemo" tests="3" failures="0" timestamp="20 Nov 2018 08:51:55 GMT" time="3.789" errors="0">
  <testcase name="testAdd" time="1.170" classname="main.com.tests.testUserDemo"/>
  <testcase name="testAdd" time="1.448" classname="main.com.tests.testUserDemo"/>
  <testcase name="testAdd" time="1.171" classname="main.com.tests.testUserDemo"/>
</testsuite> <!-- main.com.tests.testUserDemo -->
